[17:34:43] [main/INFO]: Environment: authHost='https://authserver.mojang.com', accountsHost='https://api.mojang.com', sessionHost='https://sessionserver.mojang.com', servicesHost='https://api.minecraftservices.com', name='PROD'
[17:34:43] [main/INFO]: Found new data pack file/bukkit, loading it automatically
[17:34:43] [main/INFO]: Reloading ResourceManager: Default, bukkit
[17:34:44] [Worker-Main-1/INFO]: Loaded 7 recipes
[17:34:46] [Server thread/INFO]: Starting minecraft server version 1.16.5
[17:34:46] [Server thread/INFO]: Loading properties
[17:34:46] [Server thread/INFO]: This server is running Paper version git-Paper-579 (MC: 1.16.5) (Implementing API version 1.16.5-R0.1-SNAPSHOT)
[17:34:46] [Server thread/INFO]: Server Ping Player Sample Count: 12
[17:34:46] [Server thread/INFO]: Using 4 threads for Netty based IO
[17:34:46] [Server thread/INFO]: Debug logging is disabled
[17:34:46] [Server thread/INFO]: Default game type: SURVIVAL
[17:34:46] [Server thread/INFO]: Generating keypair
[17:34:46] [Server thread/INFO]: Starting Minecraft server on *:25565
[17:34:46] [Server thread/INFO]: Using epoll channel type
[17:34:47] [Server thread/WARN]: Initializing Legacy Material Support. Unless you have legacy plugins and/or data this is a bug!
[17:34:52] [Server thread/WARN]: Legacy plugin HideStream v3.10 does not specify an api-version.
[17:34:52] [Server thread/WARN]: Legacy plugin dynmap v3.1-457 does not specify an api-version.
[17:34:52] [Server thread/WARN]: Legacy plugin xAntiAFK v3.1 does not specify an api-version.
[17:34:52] [Server thread/WARN]: Legacy plugin MultiChat v1.9.6 does not specify an api-version.
[17:34:52] [Server thread/INFO]: [FarmControl] Loading FarmControl v1.1.1
[17:34:52] [Server thread/INFO]: [LuckPerms] Loading LuckPerms v5.3.3
[17:34:55] [Server thread/INFO]: [PrometheusExporter] Loading PrometheusExporter v2.4.0
[17:34:55] [Server thread/INFO]: [OpenInv] Loading OpenInv v4.1.6
[17:34:55] [Server thread/INFO]: [PlaceholderAPI] Loading PlaceholderAPI v2.10.10-DEV-108
[17:34:55] [Server thread/INFO]: [VillagerOptimiser] Loading VillagerOptimiser v1.1.5
[17:34:55] [Server thread/INFO]: [TAB-BukkitBridge] Loading TAB-BukkitBridge v1.3.2
[17:34:55] [Server thread/INFO]: [spark] Loading spark v1.5.2
[17:34:55] [Server thread/INFO]: [Vault] Loading Vault v1.7.3-b131
[17:34:55] [Server thread/INFO]: [HideStream] Loading HideStream v3.10
[17:34:55] [Server thread/INFO]: [ProtocolLib] Loading ProtocolLib v4.6.0
[17:34:57] [Server thread/INFO]: [Multiverse-Core] Loading Multiverse-Core v4.2.2-b812
[17:34:57] [Server thread/INFO]: [dynmap] Loading dynmap v3.1-457
[17:34:57] [Server thread/INFO]: [dynmap] version=git-Paper-579 (MC: 1.16.5)
[17:34:57] [Server thread/INFO]: [dynmap] Mod Support API available
[17:34:57] [Server thread/INFO]: [WorldEdit] Loading WorldEdit v7.2.4+5723-e3bfc64
[17:34:57] [Server thread/INFO]: Got request to register class com.sk89q.worldedit.bukkit.BukkitServerInterface with WorldEdit [com.sk89q.worldedit.extension.platform.PlatformManager@2df8fd51]
[17:34:57] [Server thread/INFO]: [xAntiAFK] Loading xAntiAFK v3.1
[17:34:57] [Server thread/INFO]: [MultiChat] Loading MultiChat v1.9.6
[17:34:57] [Server thread/INFO]: [WorldGuard] Loading WorldGuard v7.0.4+f7ff984
[17:34:57] [Server thread/INFO]: [CoreProtect] Loading CoreProtect v19.5
[17:34:57] [Server thread/INFO]: [Shopkeepers] Loading Shopkeepers v2.12.0
[17:34:57] [Server thread/INFO]: [Shopkeepers] Loaded all plugin classes (169 ms)
[17:34:57] [Server thread/INFO]: [Shopkeepers] Loading config.
[17:34:58] [Server thread/INFO]: [Shopkeepers] Registering WorldGuard flag 'allow-shop'.
[17:34:58] [Server thread/INFO]: [Shopkeepers] Registering defaults.
[17:34:58] [Server thread/INFO]: [PremiumVanish] Loading PremiumVanish v2.6.6
[17:34:58] [Server thread/INFO]: [DiscordSRV] Loading DiscordSRV v1.21.3
[17:34:58] [Server thread/INFO]: [LuckPerms] Enabling LuckPerms v5.3.3
[17:34:58] [Server thread/INFO]:         __
[17:34:58] [Server thread/INFO]:   |    |__)   LuckPerms v5.3.3
[17:34:58] [Server thread/INFO]:   |___ |      Running on Bukkit - Paper
[17:34:58] [Server thread/INFO]:
[17:34:58] [Server thread/INFO]: [LuckPerms] Loading configuration...
[17:34:58] [Server thread/INFO]: [LuckPerms] Loading storage provider... [H2]
[17:34:59] [Server thread/INFO]: [LuckPerms] Loading internal permission managers...
[17:34:59] [Server thread/INFO]: [LuckPerms] Performing initial data load...
[17:34:59] [Server thread/INFO]: [LuckPerms] Successfully enabled. (took 1281ms)
[17:34:59] [Server thread/INFO]: [Vault] Enabling Vault v1.7.3-b131
[17:34:59] [Server thread/INFO]: [Vault] [Permission] SuperPermissions loaded as backup permission system.
[17:34:59] [Server thread/INFO]: [Vault] Enabled Version 1.7.3-b131
[17:34:59] [Server thread/INFO]: [LuckPerms] Registered Vault permission & chat hook.
[17:34:59] [Server thread/INFO]: [ProtocolLib] Enabling ProtocolLib v4.6.0
[17:34:59] [Server thread/INFO]: [ProtocolLib] Started structure compiler thread.
[17:34:59] [Server thread/INFO]: [WorldEdit] Enabling WorldEdit v7.2.4+5723-e3bfc64
[17:34:59] [Server thread/INFO]: WEPIF: Updated config file
[17:34:59] [Server thread/INFO]: WEPIF: Vault detected! Using Vault for permissions
[17:34:59] [Server thread/INFO]: Using com.sk89q.worldedit.bukkit.adapter.impl.Spigot_v1_16_R3 as the Bukkit adapter
[17:34:59] [Server thread/INFO]: [WorldEdit] Default configuration file written: config.yml
[17:35:01] [Server thread/INFO]: Preparing level "world"
[17:35:06] [Server thread/INFO]: Registering commands with com.sk89q.worldedit.bukkit.BukkitServerInterface
[17:35:06] [Server thread/WARN]: Unable to find spawn biome
[17:35:07] [Server thread/WARN]: Unable to find spawn biome
[17:35:08] [Server thread/INFO]: Preparing start region for dimension minecraft:overworld
[17:35:08] [Server thread/INFO]: Loaded 0 spawn chunks for world world
[17:35:08] [Worker-Main-1/INFO]: Preparing spawn area: 0%
[17:35:08] [Worker-Main-1/INFO]: Preparing spawn area: 0%
[17:35:08] [Server thread/INFO]: Time elapsed: 653 ms
[17:35:08] [Server thread/INFO]: Preparing start region for dimension minecraft:the_nether
[17:35:09] [Server thread/INFO]: Loaded 0 spawn chunks for world world_nether
[17:35:09] [Server thread/INFO]: Time elapsed: 646 ms
[17:35:09] [Server thread/INFO]: Preparing start region for dimension minecraft:the_end
[17:35:10] [Server thread/INFO]: Loaded 0 spawn chunks for world world_the_end
[17:35:11] [Server thread/INFO]: Time elapsed: 1691 ms
[17:35:11] [Server thread/INFO]: [FarmControl] Enabling FarmControl v1.1.1
[17:35:11] [Server thread/INFO]: [PrometheusExporter] Enabling PrometheusExporter v2.4.0
[17:35:11] [Server thread/INFO]: [PrometheusExporter] Reading player stats from folder  /data/world/stats
[17:35:11] [Server thread/INFO]: [PrometheusExporter] Error - abandoning file reading
[17:35:11] [Server thread/WARN]: java.nio.file.NoSuchFileException: /data/world/stats
[17:35:11] [Server thread/WARN]: 	at java.base/sun.nio.fs.UnixException.translateToIOException(Unknown Source)
[17:35:11] [Server thread/WARN]: 	at java.base/sun.nio.fs.UnixException.rethrowAsIOException(Unknown Source)
[17:35:11] [Server thread/WARN]: 	at java.base/sun.nio.fs.UnixException.rethrowAsIOException(Unknown Source)
[17:35:11] [Server thread/WARN]: 	at java.base/sun.nio.fs.UnixFileAttributeViews$Basic.readAttributes(Unknown Source)
[17:35:11] [Server thread/WARN]: 	at java.base/sun.nio.fs.UnixFileSystemProvider.readAttributes(Unknown Source)
[17:35:11] [Server thread/WARN]: 	at java.base/sun.nio.fs.LinuxFileSystemProvider.readAttributes(Unknown Source)
[17:35:11] [Server thread/WARN]: 	at java.base/java.nio.file.Files.readAttributes(Unknown Source)
[17:35:11] [Server thread/WARN]: 	at java.base/java.nio.file.FileTreeWalker.getAttributes(Unknown Source)
[17:35:11] [Server thread/WARN]: 	at java.base/java.nio.file.FileTreeWalker.visit(Unknown Source)
[17:35:11] [Server thread/WARN]: 	at java.base/java.nio.file.FileTreeWalker.walk(Unknown Source)
[17:35:11] [Server thread/WARN]: 	at java.base/java.nio.file.FileTreeIterator.<init>(Unknown Source)
[17:35:11] [Server thread/WARN]: 	at java.base/java.nio.file.Files.walk(Unknown Source)
[17:35:11] [Server thread/WARN]: 	at java.base/java.nio.file.Files.walk(Unknown Source)
[17:35:11] [Server thread/WARN]: 	at de.sldk.mc.metrics.player.PlayerStatisticLoaderFromFile.readPlayerStatsFiles(PlayerStatisticLoaderFromFile.java:69)
[17:35:11] [Server thread/WARN]: 	at de.sldk.mc.metrics.player.PlayerStatisticLoaderFromFile.<init>(PlayerStatisticLoaderFromFile.java:43)
[17:35:11] [Server thread/WARN]: 	at de.sldk.mc.metrics.PlayerStatistics.<init>(PlayerStatistics.java:40)
[17:35:11] [Server thread/WARN]: 	at de.sldk.mc.config.MetricConfig.getMetric(MetricConfig.java:20)
[17:35:11] [Server thread/WARN]: 	at de.sldk.mc.config.PrometheusExporterConfig.lambda$enableConfiguredMetrics$1(PrometheusExporterConfig.java:62)
[17:35:11] [Server thread/WARN]: 	at java.base/java.util.Arrays$ArrayList.forEach(Unknown Source)
[17:35:11] [Server thread/WARN]: 	at de.sldk.mc.config.PrometheusExporterConfig.enableConfiguredMetrics(PrometheusExporterConfig.java:61)
[17:35:11] [Server thread/WARN]: 	at de.sldk.mc.PrometheusExporter.onEnable(PrometheusExporter.java:18)
[17:35:11] [Server thread/WARN]: 	at org.bukkit.plugin.java.JavaPlugin.setEnabled(JavaPlugin.java:263)
[17:35:11] [Server thread/WARN]: 	at org.bukkit.plugin.java.JavaPluginLoader.enablePlugin(JavaPluginLoader.java:380)
[17:35:11] [Server thread/WARN]: 	at org.bukkit.plugin.SimplePluginManager.enablePlugin(SimplePluginManager.java:483)
[17:35:11] [Server thread/WARN]: 	at org.bukkit.craftbukkit.v1_16_R3.CraftServer.enablePlugin(CraftServer.java:501)
[17:35:11] [Server thread/WARN]: 	at org.bukkit.craftbukkit.v1_16_R3.CraftServer.enablePlugins(CraftServer.java:415)
[17:35:11] [Server thread/WARN]: 	at net.minecraft.server.v1_16_R3.MinecraftServer.loadWorld(MinecraftServer.java:580)
[17:35:11] [Server thread/WARN]: 	at net.minecraft.server.v1_16_R3.DedicatedServer.init(DedicatedServer.java:280)
[17:35:11] [Server thread/WARN]: 	at net.minecraft.server.v1_16_R3.MinecraftServer.w(MinecraftServer.java:1055)
[17:35:11] [Server thread/WARN]: 	at net.minecraft.server.v1_16_R3.MinecraftServer.lambda$a$0(MinecraftServer.java:289)
[17:35:11] [Server thread/WARN]: 	at java.base/java.lang.Thread.run(Unknown Source)
[17:35:11] [Server thread/INFO]: [org.eclipse.jetty.server.Server] jetty-11.0.1; built: 2021-02-19T22:03:05.556Z; git: e98092c1791fbda9d157dd5339cf3a909e90ab40; jvm 11.0.10+9
[17:35:11] [Server thread/INFO]: [org.eclipse.jetty.server.AbstractConnector] Started ServerConnector@2a78185f{HTTP/1.1, (http/1.1)}{localhost:9225}
[17:35:11] [Server thread/INFO]: [org.eclipse.jetty.server.Server] Started Server@7e5b3fb{STARTING}[11.0.1,sto=0] @41193ms
[17:35:11] [Server thread/INFO]: [PrometheusExporter] Started Prometheus metrics endpoint at: localhost:9225
[17:35:11] [Server thread/INFO]: [OpenInv] Enabling OpenInv v4.1.6
[17:35:11] [Server thread/INFO]: [PlaceholderAPI] Enabling PlaceholderAPI v2.10.10-DEV-108
[17:35:11] [Server thread/INFO]: [PlaceholderAPI] Fetching available expansion information...
[17:35:11] [Server thread/INFO]: [VillagerOptimiser] Enabling VillagerOptimiser v1.1.5
[17:35:11] [Server thread/INFO]: [VillagerOptimiser] Loading config.yml...
[17:35:11] [Server thread/INFO]: [VillagerOptimiser] Couldn't find existing config.yml, copying default from jar...
[17:35:11] [Server thread/INFO]: [VillagerOptimiser] Successfully loaded config.yml.
[17:35:11] [Server thread/INFO]: [VillagerOptimiser] Successfully enabled.
[17:35:11] [Server thread/INFO]: [TAB-BukkitBridge] Enabling TAB-BukkitBridge v1.3.2
[17:35:11] [Server thread/INFO]: [TAB-BukkitBridge] Enabled in 1ms
[17:35:11] [Server thread/INFO]: [spark] Enabling spark v1.5.2
[17:35:12] [Server thread/INFO]: [spark] Using Paper ServerTickStartEvent for tick monitoring
[17:35:12] [Server thread/INFO]: [PlaceholderAPI] Successfully registered expansion: spark
[17:35:12] [Server thread/INFO]: [spark] Registered PlaceholderAPI placeholders
[17:35:12] [Server thread/INFO]: [HideStream] Enabling HideStream v3.10*
[17:35:12] [Server thread/INFO]: [HideStream] Version 3.10 enabled. (Metrics: true. CheckForUpdates: true)
[17:35:12] [Server thread/INFO]: [Multiverse-Core] Enabling Multiverse-Core v4.2.2-b812
[17:35:12] [Server thread/WARN]: [Multiverse-Core] "Multiverse-Core v4.2.2-b812" has registered a listener for org.bukkit.event.entity.EntityCreatePortalEvent on method "public void com.onarandombox.MultiverseCore.listeners.MVPortalListener.entityPortalCreate(org.bukkit.event.entity.EntityCreatePortalEvent)", but the event is Deprecated. "Server performance will be affected"; please notify the authors [dumptruckman, Rigby, fernferret, lithium3141, main--].
[17:35:12] [Server thread/INFO]: [Multiverse-Core] We are aware of the warning about the deprecated event. There is no alternative that allows us to do what we need to do and performance impact is negligible. It is safe to ignore.
[17:35:12] [Server thread/WARN]: [Multiverse-Core] Cannot load worlds.yml
[17:35:12] [Server thread/INFO]: [Multiverse-Core] Loading World & Settings - 'world' - Env: NORMAL - Type: NORMAL & seed: -7861424227943268115
[17:35:12] [Server thread/WARN]: [Multiverse-Core] Spawn location from world.dat file was unsafe. Adjusting...
[17:35:12] [Server thread/WARN]: [Multiverse-Core] Original Location: X: 0 Y: 0 Z: 0 P: 0 Y: 0
[17:35:13] [Server thread/INFO]: [Multiverse-Core] New Spawn for 'world' is located at: world:1.50,-2.00,0.50:0.00:0.00
[17:35:13] [Server thread/INFO]: [Multiverse-Core] Loading World & Settings - 'world_nether' - Env: NETHER - Type: NORMAL & seed: -7861424227943268115
[17:35:13] [Server thread/INFO]: [Multiverse-Core] Loading World & Settings - 'world_the_end' - Env: THE_END - Type: NORMAL & seed: -7861424227943268115
[17:35:13] [Server thread/INFO]: [Multiverse-Core] 3 - World(s) loaded.
[17:35:14] [Server thread/WARN]: Warning: Nashorn engine is planned to be removed from a future JDK release
[17:35:14] [Server thread/INFO]: [Multiverse-Core] Version 4.2.2-b812 (API v24) Enabled - By dumptruckman, Rigby, fernferret, lithium3141 and main--
[17:35:14] [Server thread/INFO]: [dynmap] Enabling dynmap v3.1-457*
[17:35:14] [Server thread/INFO]: [dynmap] Using LuckPerms 5.3.3 for access control
[17:35:15] [Server thread/ERROR]: [dynmap] Error reading plugins/dynmap/markers.yml
[17:35:15] [Server thread/INFO]: [dynmap] Extracted files upgraded
[17:35:15] [Server thread/INFO]: [dynmap] Mod Support processing completed
[17:35:15] [Server thread/INFO]: [dynmap] Loaded 25 shaders.
[17:35:15] [Server thread/INFO]: [dynmap] Loaded 82 perspectives.
[17:35:15] [Server thread/INFO]: [dynmap] Loaded 22 lightings.
[17:35:15] [Server thread/INFO]: [dynmap] Starting enter/exit processing
[17:35:15] [Dynmap Render Thread/INFO]: [dynmap] Finish marker initialization
[17:35:16] [Server thread/INFO]: [dynmap] Web server started on address 0.0.0.0:8123
[17:35:16] [Server thread/INFO]: [dynmap] version 3.1-457 is enabled - core version 3.1-457
[17:35:16] [Server thread/INFO]: [dynmap] For support, visit https://reddit.com/r/Dynmap or our Discord at https://discord.gg/s3rd5qn
[17:35:16] [Server thread/INFO]: [dynmap] To report or track bugs, visit https://github.com/webbukkit/dynmap/issues
[17:35:16] [Server thread/INFO]: [dynmap] If you'd like to donate, please visit https://www.patreon.com/dynmap or https://ko-fi.com/michaelprimm
[17:35:16] [Server thread/INFO]: [dynmap] Loaded 3 maps of world 'world'.
[17:35:16] [Server thread/INFO]: [dynmap] Loaded 2 maps of world 'world_nether'.
[17:35:16] [Server thread/INFO]: [dynmap] Loaded 2 maps of world 'world_the_end'.
[17:35:16] [Server thread/INFO]: [dynmap] Enabled
[17:35:16] [Server thread/INFO]: [xAntiAFK] Enabling xAntiAFK v3.1*
[17:35:16] [Server thread/INFO]: [PlaceholderAPI] Successfully registered expansion: xantiafk
[17:35:16] [Server thread/INFO]: [MultiChat] Enabling MultiChat v1.9.6*
[17:35:16] [Server thread/INFO]: [MCL] Creating plugin directory...
[17:35:16] [Server thread/INFO]: [MCL] Creating translations directory...
[17:35:16] [Server thread/INFO]: [MCL] MultiChatLocal hooked with Vault!
[17:35:16] [Server thread/INFO]: [MCL] MultiChatLocal hooked with PlaceholderAPI!
[17:35:16] [Server thread/INFO]: [WorldGuard] Enabling WorldGuard v7.0.4+f7ff984
[17:35:16] [Server thread/INFO]: [WorldGuard] Default configuration file written: config.yml
[17:35:16] [Server thread/INFO]: [WorldGuard] Default configuration file written: config_world.yml
[17:35:16] [Server thread/INFO]: [WorldGuard] Default configuration file written: blacklist.txt
[17:35:16] [Server thread/INFO]: [WorldGuard] (world) TNT ignition is PERMITTED.
[17:35:16] [Server thread/INFO]: [WorldGuard] (world) Lighters are PERMITTED.
[17:35:16] [Server thread/INFO]: [WorldGuard] (world) Lava fire is PERMITTED.
[17:35:16] [Server thread/INFO]: [WorldGuard] (world) Fire spread is UNRESTRICTED.
[17:35:16] [Server thread/INFO]: [WorldGuard] Loaded configuration for world 'world'
[17:35:16] [Server thread/INFO]: [WorldGuard] Default configuration file written: config_world.yml
[17:35:16] [Server thread/INFO]: [WorldGuard] Default configuration file written: blacklist.txt
[17:35:16] [Server thread/INFO]: [WorldGuard] (world_nether) TNT ignition is PERMITTED.
[17:35:16] [Server thread/INFO]: [WorldGuard] (world_nether) Lighters are PERMITTED.
[17:35:16] [Server thread/INFO]: [WorldGuard] (world_nether) Lava fire is PERMITTED.
[17:35:16] [Server thread/INFO]: [WorldGuard] (world_nether) Fire spread is UNRESTRICTED.
[17:35:16] [Server thread/INFO]: [WorldGuard] Loaded configuration for world 'world_nether'
[17:35:16] [Server thread/INFO]: [WorldGuard] Default configuration file written: config_world.yml
[17:35:16] [Server thread/INFO]: [WorldGuard] Default configuration file written: blacklist.txt
[17:35:16] [Server thread/INFO]: [WorldGuard] (world_the_end) TNT ignition is PERMITTED.
[17:35:16] [Server thread/INFO]: [WorldGuard] (world_the_end) Lighters are PERMITTED.
[17:35:16] [Server thread/INFO]: [WorldGuard] (world_the_end) Lava fire is PERMITTED.
[17:35:16] [Server thread/INFO]: [WorldGuard] (world_the_end) Fire spread is UNRESTRICTED.
[17:35:16] [Server thread/INFO]: [WorldGuard] Loaded configuration for world 'world_the_end'
[17:35:16] [Server thread/INFO]: [WorldGuard] Loading region data...
[17:35:16] [Server thread/INFO]: [WorldGuard] Unloading and saving region data that is currently loaded...
[17:35:16] [Server thread/INFO]: [WorldGuard] Loading region data for loaded worlds...
[17:35:16] [Server thread/INFO]: [WorldGuard] Loading region data...
[17:35:16] [Server thread/INFO]: [WorldGuard] Regions saved after UUID migration! This won't happen again unless you change the relevant configuration option in WorldGuard's config.
[17:35:16] [Server thread/INFO]: [CoreProtect] Enabling CoreProtect v19.5
[17:35:17] [Server thread/INFO]: [CoreProtect] CoreProtect has been successfully enabled!
[17:35:17] [Server thread/INFO]: [CoreProtect] Using SQLite for data storage.
[17:35:17] [Server thread/INFO]: --------------------
[17:35:17] [Server thread/INFO]: [CoreProtect] Enjoy CoreProtect? Join our Discord!
[17:35:17] [Server thread/INFO]: [CoreProtect] Discord: www.coreprotect.net/discord/
[17:35:17] [Server thread/INFO]: --------------------
[17:35:17] [Server thread/INFO]: [Shopkeepers] Enabling Shopkeepers v2.12.0
[17:35:17] [Server thread/INFO]: [PremiumVanish] Enabling PremiumVanish v2.6.6
[17:35:17] [Server thread/INFO]: [PlaceholderAPI] Successfully registered expansion: premiumvanish
[17:35:17] [Server thread/INFO]: [PremiumVanish] Hooked into PlaceholderAPI
[17:35:17] [Server thread/INFO]: [PremiumVanish] Hooked into dynmap
[17:35:17] [Server thread/INFO]: [DiscordSRV] Enabling DiscordSRV v1.21.3
[17:35:17] [Server thread/INFO]: [PremiumVanish] Hooked into DiscordSRV
[17:35:17] [DiscordSRV - Initialization/ERROR]: [DiscordSRV] No bot token has been set in the config; a bot token is required to connect to Discord.
[17:35:17] [Server thread/INFO]: [PlaceholderAPI] Placeholder expansion registration initializing...
[17:35:17] [Server thread/INFO]: Starting remote control listener
[17:35:17] [Server thread/INFO]: Thread RCON Listener started
[17:35:17] [Server thread/INFO]: RCON running on 0.0.0.0:25575
[17:35:17] [Server thread/INFO]: Running delayed init tasks
[17:35:17] [Craft Scheduler Thread - 6/INFO]: [HideStream] Running updater ..
[17:35:17] [Server thread/INFO]: [CoreProtect] WorldEdit logging successfully initialized.
[17:35:17] [Server thread/INFO]: [DiscordSRV] Disabling DiscordSRV v1.21.3
[17:35:17] [Craft Scheduler Thread - 11/INFO]: [Vault] Checking for Updates ...
[17:35:18] [DiscordSRV - Shutdown/INFO]: [DiscordSRV] Shutdown completed in 256ms
[17:35:18] [Server thread/INFO]: No expansions were registered!
[17:35:18] [Server thread/INFO]: [PlaceholderAPI] An update for PlaceholderAPI (v2.10.9) is available at:
[17:35:18] [Server thread/INFO]: [PlaceholderAPI] https://www.spigotmc.org/resources/placeholderapi.6245/
[17:35:18] [Server thread/INFO]: Done (31.889s)! For help, type "help"
[17:35:18] [Server thread/INFO]: Timings Reset
[17:35:18] [Server thread/INFO]: [PremiumVanish] Your current version of PremiumVanish is outdated - New version: '2.6.9'; Currently: '2.6.6'
[17:35:18] [pool-65-thread-1/INFO]: [DiscordSRV] DiscordSRV is up-to-date. (886ab36f357894cf5b4179e25dbe72e5617d6c25)
[17:35:18] [Craft Scheduler Thread - 6/INFO]: [HideStream] No update was found.
[17:35:18] [Craft Scheduler Thread - 11/INFO]: [Vault] No new version available
